==23816== Memcheck, a memory error detector
==23816== Copyright (C) 2002-2013, and GNU GPL'd, by Julian Seward et al.
==23816== Using Valgrind-3.10.0.SVN and LibVEX; rerun with -h for copyright info
==23816== Command: ./solution
==23816== Parent PID: 22636
==23816== 
--23816-- 
--23816-- Valgrind options:
--23816--    --tool=memcheck
--23816--    --leak-check=full
--23816--    --verbose
--23816--    --log-file=memcheck.log
--23816-- Contents of /proc/version:
--23816--   Linux version 3.13.0-44-generic (buildd@lamiak) (gcc version 4.8.2 (Ubuntu 4.8.2-19ubuntu1) ) #73-Ubuntu SMP Tue Dec 16 00:22:43 UTC 2014
--23816-- Arch and hwcaps: AMD64, amd64-cx16-rdtscp-sse3
--23816-- Page sizes: currently 4096, max supported 4096
--23816-- Valgrind library directory: /usr/lib/valgrind
--23816-- Reading syms from /home/tatparya/Desktop/HackerRank/Algorithms - Strings/Encryption/solution
--23816-- Reading syms from /lib/x86_64-linux-gnu/ld-2.19.so
--23816--   Considering /lib/x86_64-linux-gnu/ld-2.19.so ..
--23816--   .. CRC mismatch (computed 4cbae35e wanted 8d683c31)
--23816--   Considering /usr/lib/debug/lib/x86_64-linux-gnu/ld-2.19.so ..
--23816--   .. CRC is valid
--23816-- Reading syms from /usr/lib/valgrind/memcheck-amd64-linux
--23816--   Considering /usr/lib/valgrind/memcheck-amd64-linux ..
--23816--   .. CRC mismatch (computed 37cdde19 wanted adc367dd)
--23816--    object doesn't have a symbol table
--23816--    object doesn't have a dynamic symbol table
--23816-- Scheduler: using generic scheduler lock implementation.
--23816-- Reading suppressions file: /usr/lib/valgrind/default.supp
==23816== embedded gdbserver: reading from /tmp/vgdb-pipe-from-vgdb-to-23816-by-tatparya-on-???
==23816== embedded gdbserver: writing to   /tmp/vgdb-pipe-to-vgdb-from-23816-by-tatparya-on-???
==23816== embedded gdbserver: shared mem   /tmp/vgdb-pipe-shared-mem-vgdb-23816-by-tatparya-on-???
==23816== 
==23816== TO CONTROL THIS PROCESS USING vgdb (which you probably
==23816== don't want to do, unless you know exactly what you're doing,
==23816== or are doing some strange experiment):
==23816==   /usr/lib/valgrind/../../bin/vgdb --pid=23816 ...command...
==23816== 
==23816== TO DEBUG THIS PROCESS USING GDB: start GDB like this
==23816==   /path/to/gdb ./solution
==23816== and then give GDB the following command
==23816==   target remote | /usr/lib/valgrind/../../bin/vgdb --pid=23816
==23816== --pid is optional if only one valgrind process is running
==23816== 
--23816-- REDIR: 0x4019ca0 (strlen) redirected to 0x38068331 (???)
--23816-- Reading syms from /usr/lib/valgrind/vgpreload_core-amd64-linux.so
--23816--   Considering /usr/lib/valgrind/vgpreload_core-amd64-linux.so ..
--23816--   .. CRC mismatch (computed 329d6860 wanted c0186920)
--23816--    object doesn't have a symbol table
--23816-- Reading syms from /usr/lib/valgrind/vgpreload_memcheck-amd64-linux.so
--23816--   Considering /usr/lib/valgrind/vgpreload_memcheck-amd64-linux.so ..
--23816--   .. CRC mismatch (computed 1fb85af8 wanted 2e9e3c16)
--23816--    object doesn't have a symbol table
==23816== WARNING: new redirection conflicts with existing -- ignoring it
--23816--     old: 0x04019ca0 (strlen              ) R-> (0000.0) 0x38068331 ???
--23816--     new: 0x04019ca0 (strlen              ) R-> (2007.0) 0x04c2e1a0 strlen
--23816-- REDIR: 0x4019a50 (index) redirected to 0x4c2dd50 (index)
--23816-- REDIR: 0x4019c70 (strcmp) redirected to 0x4c2f2f0 (strcmp)
--23816-- REDIR: 0x401a9c0 (mempcpy) redirected to 0x4c31da0 (mempcpy)
--23816-- Reading syms from /usr/lib/x86_64-linux-gnu/libstdc++.so.6.0.19
--23816--   Considering /usr/lib/x86_64-linux-gnu/libstdc++.so.6.0.19 ..
--23816--   .. CRC mismatch (computed a220b90a wanted 886349ba)
--23816--    object doesn't have a symbol table
--23816-- Reading syms from /lib/x86_64-linux-gnu/libm-2.19.so
--23816--   Considering /lib/x86_64-linux-gnu/libm-2.19.so ..
--23816--   .. CRC mismatch (computed a46ef660 wanted 767bfa33)
--23816--   Considering /usr/lib/debug/lib/x86_64-linux-gnu/libm-2.19.so ..
--23816--   .. CRC is valid
--23816-- Reading syms from /lib/x86_64-linux-gnu/libgcc_s.so.1
--23816--   Considering /lib/x86_64-linux-gnu/libgcc_s.so.1 ..
--23816--   .. CRC mismatch (computed ea519b66 wanted 0c00ddb3)
--23816--    object doesn't have a symbol table
--23816-- Reading syms from /lib/x86_64-linux-gnu/libc-2.19.so
--23816--   Considering /lib/x86_64-linux-gnu/libc-2.19.so ..
--23816--   .. CRC mismatch (computed dc620abc wanted 148cbd6e)
--23816--   Considering /usr/lib/debug/lib/x86_64-linux-gnu/libc-2.19.so ..
--23816--   .. CRC is valid
--23816-- REDIR: 0x56e3d60 (strcasecmp) redirected to 0x4a25720 (_vgnU_ifunc_wrapper)
--23816-- REDIR: 0x56e6050 (strncasecmp) redirected to 0x4a25720 (_vgnU_ifunc_wrapper)
--23816-- REDIR: 0x56e3530 (memcpy@GLIBC_2.2.5) redirected to 0x4a25720 (_vgnU_ifunc_wrapper)
--23816-- REDIR: 0x56e17c0 (rindex) redirected to 0x4c2da30 (rindex)
--23816-- REDIR: 0x56dfac0 (strlen) redirected to 0x4c2e0e0 (strlen)
--23816-- REDIR: 0x56e2fa0 (__GI_memcmp) redirected to 0x4c30b80 (__GI_memcmp)
--23816-- REDIR: 0x56de070 (strcmp) redirected to 0x4a25720 (_vgnU_ifunc_wrapper)
--23816-- REDIR: 0x56eed20 (__strcmp_sse2_unaligned) redirected to 0x4c2f1b0 (strcmp)
--23816-- REDIR: 0x4e95f10 (operator new(unsigned long)) redirected to 0x4c2b070 (operator new(unsigned long))
--23816-- REDIR: 0x4e94260 (operator delete(void*)) redirected to 0x4c2c250 (operator delete(void*))
--23816-- REDIR: 0x56e8730 (memcpy@@GLIBC_2.14) redirected to 0x4a25720 (_vgnU_ifunc_wrapper)
--23816-- REDIR: 0x56eefd0 (__memcpy_sse2_unaligned) redirected to 0x4c2f6b0 (memcpy@@GLIBC_2.14)
--23816-- REDIR: 0x56e2f60 (bcmp) redirected to 0x4a25720 (_vgnU_ifunc_wrapper)
--23816-- REDIR: 0x57b7060 (__memcmp_sse4_1) redirected to 0x4c30c00 (__memcmp_sse4_1)
--23816-- REDIR: 0x56d9df0 (free) redirected to 0x4c2bd80 (free)
==23816== 
==23816== HEAP SUMMARY:
==23816==     in use at exit: 0 bytes in 0 blocks
==23816==   total heap usage: 5 allocs, 5 frees, 156 bytes allocated
==23816== 
==23816== All heap blocks were freed -- no leaks are possible
==23816== 
==23816== ERROR SUMMARY: 0 errors from 0 contexts (suppressed: 0 from 0)
==23816== ERROR SUMMARY: 0 errors from 0 contexts (suppressed: 0 from 0)
